<?xml version="1.0" encoding="UTF-8"?>
<testng-results skipped="0" failed="0" total="1" passed="1">
  <reporter-output>
  </reporter-output>
  <suite name="Default suite" duration-ms="29503" started-at="2019-06-19T20:07:26Z" finished-at="2019-06-19T20:07:55Z">
    <groups>
    </groups>
    <test name="Default test" duration-ms="29503" started-at="2019-06-19T20:07:26Z" finished-at="2019-06-19T20:07:55Z">
      <class name="seleniumtestng.TestNgDataProvider">
        <test-method status="PASS" signature="setup()[pri:0, instance:seleniumtestng.TestNgDataProvider@50c87b21]" name="setup" is-config="true" duration-ms="21051" started-at="2019-06-20T01:37:26Z" finished-at="2019-06-20T01:37:47Z">
          <reporter-output>
          </reporter-output>
        </test-method> <!-- setup -->
        <test-method status="PASS" signature="loginTest(java.lang.String, java.lang.String)[pri:0, instance:seleniumtestng.TestNgDataProvider@50c87b21]" name="loginTest" duration-ms="5276" started-at="2019-06-20T01:37:47Z" data-provider="loginData" finished-at="2019-06-20T01:37:52Z">
          <params>
            <param index="0">
              <value>
                <![CDATA[abc@gmail.com]]>
              </value>
            </param>
            <param index="1">
              <value>
                <![CDATA[123456]]>
              </value>
            </param>
          </params>
          <reporter-output>
          </reporter-output>
        </test-method> <!-- loginTest -->
        <test-method status="PASS" signature="tearDown()[pri:0, instance:seleniumtestng.TestNgDataProvider@50c87b21]" name="tearDown" is-config="true" duration-ms="3148" started-at="2019-06-20T01:37:52Z" finished-at="2019-06-20T01:37:55Z">
          <reporter-output>
          </reporter-output>
        </test-method> <!-- tearDown -->
      </class> <!-- seleniumtestng.TestNgDataProvider -->
    </test> <!-- Default test -->
  </suite> <!-- Default suite -->
</testng-results>
